<?xml version="1.0" encoding="UTF-8"?>
<testng-results ignored="0" total="1" passed="1" failed="0" skipped="0">
  <reporter-output>
  </reporter-output>
  <suite started-at="2023-04-04T10:55:43 IST" name="Default suite" finished-at="2023-04-04T10:55:53 IST" duration-ms="9838">
    <groups>
    </groups>
    <test started-at="2023-04-04T10:55:43 IST" name="Default test" finished-at="2023-04-04T10:55:53 IST" duration-ms="9838">
      <class name="Script.Script1">
        <test-method is-config="true" signature="brosweropen()[pri:0, instance:Script.Script1@3c419631]" started-at="2023-04-04T10:55:43 IST" name="brosweropen" finished-at="2023-04-04T10:55:50 IST" duration-ms="6646" status="PASS">
          <reporter-output>
          </reporter-output>
        </test-method> <!-- brosweropen -->
        <test-method signature="TestCreative()[pri:0, instance:Script.Script1@3c419631]" started-at="2023-04-04T10:55:50 IST" name="TestCreative" finished-at="2023-04-04T10:55:53 IST" duration-ms="2595" status="PASS">
          <reporter-output>
          </reporter-output>
        </test-method> <!-- TestCreative -->
        <test-method is-config="true" signature="browserclose()[pri:0, instance:Script.Script1@3c419631]" started-at="2023-04-04T10:55:53 IST" name="browserclose" finished-at="2023-04-04T10:55:53 IST" duration-ms="530" status="PASS">
          <reporter-output>
          </reporter-output>
        </test-method> <!-- browserclose -->
      </class> <!-- Script.Script1 -->
    </test> <!-- Default test -->
  </suite> <!-- Default suite -->
</testng-results>
